e:\计算机程序设计\my project\serverchangerforgenshin\serverchangerforgenshin\x64\debug\moc_mainwindow.obj
e:\计算机程序设计\my project\serverchangerforgenshin\serverchangerforgenshin\x64\debug\qrc_mainwindow.obj
e:\计算机程序设计\my project\serverchangerforgenshin\serverchangerforgenshin\x64\debug\vc142.pdb
e:\计算机程序设计\my project\serverchangerforgenshin\serverchangerforgenshin\x64\debug\mainwindow.obj
e:\计算机程序设计\my project\serverchangerforgenshin\serverchangerforgenshin\x64\debug\main.obj
e:\计算机程序设计\my project\serverchangerforgenshin\x64\debug\serverchangerforgenshin.exe
e:\计算机程序设计\my project\serverchangerforgenshin\x64\debug\serverchangerforgenshin.ilk
e:\计算机程序设计\my project\serverchangerforgenshin\x64\debug\serverchangerforgenshin.pdb
e:\计算机程序设计\my project\serverchangerforgenshin\serverchangerforgenshin\x64\debug\moc\moc_mainwindow.cpp
e:\计算机程序设计\my project\serverchangerforgenshin\serverchangerforgenshin\x64\debug\rcc\qrc_mainwindow.cpp
e:\计算机程序设计\my project\serverchangerforgenshin\serverchangerforgenshin\x64\debug\uic\ui_mainwindow.h
e:\计算机程序设计\my project\serverchangerforgenshin\serverchangerforgenshin\x64\debug\serverch.4ae8b68d.tlog\cl.command.1.tlog
e:\计算机程序设计\my project\serverchangerforgenshin\serverchangerforgenshin\x64\debug\serverch.4ae8b68d.tlog\cl.read.1.tlog
e:\计算机程序设计\my project\serverchangerforgenshin\serverchangerforgenshin\x64\debug\serverch.4ae8b68d.tlog\cl.write.1.tlog
e:\计算机程序设计\my project\serverchangerforgenshin\serverchangerforgenshin\x64\debug\serverch.4ae8b68d.tlog\link.command.1.tlog
e:\计算机程序设计\my project\serverchangerforgenshin\serverchangerforgenshin\x64\debug\serverch.4ae8b68d.tlog\link.read.1.tlog
e:\计算机程序设计\my project\serverchangerforgenshin\serverchangerforgenshin\x64\debug\serverch.4ae8b68d.tlog\link.write.1.tlog
e:\计算机程序设计\my project\serverchangerforgenshin\serverchangerforgenshin\x64\debug\serverch.4ae8b68d.tlog\moc.read.1u.tlog
e:\计算机程序设计\my project\serverchangerforgenshin\serverchangerforgenshin\x64\debug\serverch.4ae8b68d.tlog\moc.write.1u.tlog
e:\计算机程序设计\my project\serverchangerforgenshin\serverchangerforgenshin\x64\debug\serverch.4ae8b68d.tlog\rcc.read.1u.tlog
e:\计算机程序设计\my project\serverchangerforgenshin\serverchangerforgenshin\x64\debug\serverch.4ae8b68d.tlog\rcc.write.1u.tlog
e:\计算机程序设计\my project\serverchangerforgenshin\serverchangerforgenshin\x64\debug\serverch.4ae8b68d.tlog\serverchangerforgenshin.write.1u.tlog
e:\计算机程序设计\my project\serverchangerforgenshin\serverchangerforgenshin\x64\debug\serverch.4ae8b68d.tlog\uic.read.1u.tlog
e:\计算机程序设计\my project\serverchangerforgenshin\serverchangerforgenshin\x64\debug\serverch.4ae8b68d.tlog\uic.write.1u.tlog
